Flow report for apple2efpga_deca
Sat Dec 11 22:41:51 2021
Quartus Prime Version 17.1.0 Build 590 10/25/2017 SJ Lite Edition


---------------------
; Table of Contents ;
---------------------
  1. Legal Notice
  2. Flow Summary
  3. Flow Settings
  4. Flow Non-Default Global Settings
  5. Flow Elapsed Time
  6. Flow OS Summary
  7. Flow Log
  8. Flow Messages
  9. Flow Suppressed Messages



----------------
; Legal Notice ;
----------------
Copyright (C) 2017  Intel Corporation. All rights reserved.
Your use of Intel Corporation's design tools, logic functions 
and other software and tools, and its AMPP partner logic 
functions, and any output files from any of the foregoing 
(including device programming or simulation files), and any 
associated documentation or information are expressly subject 
to the terms and conditions of the Intel Program License 
Subscription Agreement, the Intel Quartus Prime License Agreement,
the Intel FPGA IP License Agreement, or other applicable license
agreement, including, without limitation, that your use is for
the sole purpose of programming logic devices manufactured by
Intel and sold by Intel or its authorized distributors.  Please
refer to the applicable agreement for further details.



+----------------------------------------------------------------------------------+
; Flow Summary                                                                     ;
+------------------------------------+---------------------------------------------+
; Flow Status                        ; Successful - Sat Dec 11 22:41:32 2021       ;
; Quartus Prime Version              ; 17.1.0 Build 590 10/25/2017 SJ Lite Edition ;
; Revision Name                      ; apple2efpga_deca                            ;
; Top-level Entity Name              ; deca_top                                    ;
; Family                             ; MAX 10                                      ;
; Device                             ; 10M50DAF484C6GES                            ;
; Timing Models                      ; Preliminary                                 ;
; Total logic elements               ; 8,652 / 49,760 ( 17 % )                     ;
;     Total combinational functions  ; 8,036 / 49,760 ( 16 % )                     ;
;     Dedicated logic registers      ; 3,541 / 49,760 ( 7 % )                      ;
; Total registers                    ; 3605                                        ;
; Total pins                         ; 135 / 360 ( 38 % )                          ;
; Total virtual pins                 ; 0                                           ;
; Total memory bits                  ; 379,904 / 1,677,312 ( 23 % )                ;
; Embedded Multiplier 9-bit elements ; 8 / 288 ( 3 % )                             ;
; Total PLLs                         ; 1 / 4 ( 25 % )                              ;
; UFM blocks                         ; 0 / 1 ( 0 % )                               ;
; ADC blocks                         ; 0 / 2 ( 0 % )                               ;
+------------------------------------+---------------------------------------------+


+-----------------------------------------+
; Flow Settings                           ;
+-------------------+---------------------+
; Option            ; Setting             ;
+-------------------+---------------------+
; Start date & time ; 12/11/2021 22:38:36 ;
; Main task         ; Compilation         ;
; Revision Name     ; apple2efpga_deca    ;
+-------------------+---------------------+


+---------------------------------------------------------------------------------------------------------------------------------------------------------+
; Flow Non-Default Global Settings                                                                                                                        ;
+-------------------------------------+---------------------------------------------------------------------+------------------+-------------+------------+
; Assignment Name                     ; Value                                                               ; Default Value    ; Entity Name ; Section Id ;
+-------------------------------------+---------------------------------------------------------------------+------------------+-------------+------------+
; AUTO_MERGE_PLLS                     ; Off                                                                 ; On               ; --          ; --         ;
; COMPILER_SIGNATURE_ID               ; 190135458541196.163925871615476                                     ; --               ; --          ; --         ;
; MISC_FILE                           ; mist_clk.ppf                                                        ; --               ; --          ; --         ;
; MISC_FILE                           ; ../DeMiSTify/controller/../EightThirtyTwo/RTL/debug_virtualjtag.cmp ; --               ; --          ; --         ;
; MISC_FILE                           ; ../DeMiSTify/controller/../EightThirtyTwo/RTL/debug_fifo_altera.cmp ; --               ; --          ; --         ;
; NUM_PARALLEL_PROCESSORS             ; All                                                                 ; --               ; --          ; --         ;
; OUTPUT_IO_TIMING_FAR_END_VMEAS      ; Half Signal Swing                                                   ; --               ; --          ; --         ;
; OUTPUT_IO_TIMING_FAR_END_VMEAS      ; Half Signal Swing                                                   ; --               ; --          ; --         ;
; OUTPUT_IO_TIMING_NEAR_END_VMEAS     ; Half Vccio                                                          ; --               ; --          ; --         ;
; OUTPUT_IO_TIMING_NEAR_END_VMEAS     ; Half Vccio                                                          ; --               ; --          ; --         ;
; PARTITION_COLOR                     ; -- (Not supported for targeted family)                              ; --               ; deca_top    ; Top        ;
; PARTITION_FITTER_PRESERVATION_LEVEL ; -- (Not supported for targeted family)                              ; --               ; deca_top    ; Top        ;
; PARTITION_NETLIST_TYPE              ; -- (Not supported for targeted family)                              ; --               ; deca_top    ; Top        ;
; PROJECT_OUTPUT_DIRECTORY            ; output_files                                                        ; --               ; --          ; --         ;
; TOP_LEVEL_ENTITY                    ; deca_top                                                            ; apple2efpga_deca ; --          ; --         ;
; VERILOG_MACRO                       ; DEMISTIFY_PARALLEL_AUDIO=1                                          ; --               ; --          ; --         ;
; VERILOG_MACRO                       ; DEMISTIFY_HDMI=1                                                    ; --               ; --          ; --         ;
; VERILOG_MACRO                       ; DEMISTIFY_DECA=1                                                    ; --               ; --          ; --         ;
; VERILOG_MACRO                       ; DEMISTIFY=1                                                         ; --               ; --          ; --         ;
+-------------------------------------+---------------------------------------------------------------------+------------------+-------------+------------+


+-------------------------------------------------------------------------------------------------------------------------------+
; Flow Elapsed Time                                                                                                             ;
+---------------------------+--------------+-------------------------+---------------------+------------------------------------+
; Module Name               ; Elapsed Time ; Average Processors Used ; Peak Virtual Memory ; Total CPU Time (on all processors) ;
+---------------------------+--------------+-------------------------+---------------------+------------------------------------+
; Analysis & Synthesis      ; 00:01:13     ; 1.0                     ; 1079 MB             ; 00:01:49                           ;
; Fitter                    ; 00:01:29     ; 1.2                     ; 1479 MB             ; 00:02:02                           ;
; Assembler                 ; 00:00:06     ; 1.0                     ; 827 MB              ; 00:00:06                           ;
; TimeQuest Timing Analyzer ; 00:00:18     ; 1.4                     ; 925 MB              ; 00:00:24                           ;
; Total                     ; 00:03:06     ; --                      ; --                  ; 00:04:21                           ;
+---------------------------+--------------+-------------------------+---------------------+------------------------------------+


+---------------------------------------------------------------------------------------------+
; Flow OS Summary                                                                             ;
+---------------------------+------------------+----------------+------------+----------------+
; Module Name               ; Machine Hostname ; OS Name        ; OS Version ; Processor type ;
+---------------------------+------------------+----------------+------------+----------------+
; Analysis & Synthesis      ; jordi-TM1613     ; Ubuntu 20.04.3 ; 20         ; x86_64         ;
; Fitter                    ; jordi-TM1613     ; Ubuntu 20.04.3 ; 20         ; x86_64         ;
; Assembler                 ; jordi-TM1613     ; Ubuntu 20.04.3 ; 20         ; x86_64         ;
; TimeQuest Timing Analyzer ; jordi-TM1613     ; Ubuntu 20.04.3 ; 20         ; x86_64         ;
+---------------------------+------------------+----------------+------------+----------------+


------------
; Flow Log ;
------------
quartus_map --read_settings_files=on --write_settings_files=off apple2efpga_deca -c apple2efpga_deca
quartus_fit --read_settings_files=off --write_settings_files=off apple2efpga_deca -c apple2efpga_deca
quartus_asm --read_settings_files=off --write_settings_files=off apple2efpga_deca -c apple2efpga_deca
quartus_sta apple2efpga_deca -c apple2efpga_deca



